mode: atomic
github.com/open-cluster-management/metrics-collector/pkg/reader/reader.go:13.65,18.2 1 0
github.com/open-cluster-management/metrics-collector/pkg/reader/reader.go:20.40,22.2 1 0
github.com/open-cluster-management/metrics-collector/pkg/reader/reader.go:29.50,29.81 1 0
github.com/open-cluster-management/metrics-collector/pkg/reader/reader.go:40.59,41.14 1 4
github.com/open-cluster-management/metrics-collector/pkg/reader/reader.go:44.2,44.25 1 3
github.com/open-cluster-management/metrics-collector/pkg/reader/reader.go:47.2,49.8 3 3
github.com/open-cluster-management/metrics-collector/pkg/reader/reader.go:41.14,43.3 1 1
github.com/open-cluster-management/metrics-collector/pkg/reader/reader.go:44.25,46.3 1 1
github.com/open-cluster-management/metrics-collector/pkg/metricfamily/anonymize.go:22.110,24.31 2 0
github.com/open-cluster-management/metrics-collector/pkg/metricfamily/anonymize.go:27.2,28.42 2 0
github.com/open-cluster-management/metrics-collector/pkg/metricfamily/anonymize.go:35.2,39.3 1 0
github.com/open-cluster-management/metrics-collector/pkg/metricfamily/anonymize.go:24.31,26.3 1 0
github.com/open-cluster-management/metrics-collector/pkg/metricfamily/anonymize.go:28.42,30.32 2 0
github.com/open-cluster-management/metrics-collector/pkg/metricfamily/anonymize.go:33.3,33.21 1 0
github.com/open-cluster-management/metrics-collector/pkg/metricfamily/anonymize.go:30.32,32.4 1 0
github.com/open-cluster-management/metrics-collector/pkg/metricfamily/anonymize.go:42.86,43.19 1 0
github.com/open-cluster-management/metrics-collector/pkg/metricfamily/anonymize.go:46.2,46.49 1 0
github.com/open-cluster-management/metrics-collector/pkg/metricfamily/anonymize.go:51.2,51.18 1 0
github.com/open-cluster-management/metrics-collector/pkg/metricfamily/anonymize.go:43.19,45.3 1 0
github.com/open-cluster-management/metrics-collector/pkg/metricfamily/anonymize.go:46.49,48.3 1 0
github.com/open-cluster-management/metrics-collector/pkg/metricfamily/anonymize.go:48.8,50.3 1 0
github.com/open-cluster-management/metrics-collector/pkg/metricfamily/anonymize.go:54.106,55.28 1 0
github.com/open-cluster-management/metrics-collector/pkg/metricfamily/anonymize.go:55.28,56.15 1 0
github.com/open-cluster-management/metrics-collector/pkg/metricfamily/anonymize.go:59.3,59.32 1 0
github.com/open-cluster-management/metrics-collector/pkg/metricfamily/anonymize.go:56.15,57.12 1 0
github.com/open-cluster-management/metrics-collector/pkg/metricfamily/anonymize.go:59.32,60.46 1 0
github.com/open-cluster-management/metrics-collector/pkg/metricfamily/anonymize.go:63.4,64.29 2 0
github.com/open-cluster-management/metrics-collector/pkg/metricfamily/anonymize.go:60.46,61.13 1 0
github.com/open-cluster-management/metrics-collector/pkg/metricfamily/anonymize.go:64.29,66.12 2 0
github.com/open-cluster-management/metrics-collector/pkg/metricfamily/anonymize.go:69.5,71.10 3 0
github.com/open-cluster-management/metrics-collector/pkg/metricfamily/anonymize.go:66.12,67.14 1 0
github.com/open-cluster-management/metrics-collector/pkg/metricfamily/anonymize.go:79.49,82.2 2 0
github.com/open-cluster-management/metrics-collector/pkg/metricfamily/drop_unsorted.go:9.82,10.34 1 0
github.com/open-cluster-management/metrics-collector/pkg/metricfamily/drop_unsorted.go:24.2,25.18 2 0
github.com/open-cluster-management/metrics-collector/pkg/metricfamily/drop_unsorted.go:10.34,11.15 1 0
github.com/open-cluster-management/metrics-collector/pkg/metricfamily/drop_unsorted.go:14.3,15.27 2 0
github.com/open-cluster-management/metrics-collector/pkg/metricfamily/drop_unsorted.go:18.3,18.23 1 0
github.com/open-cluster-management/metrics-collector/pkg/metricfamily/drop_unsorted.go:22.3,22.19 1 0
github.com/open-cluster-management/metrics-collector/pkg/metricfamily/drop_unsorted.go:11.15,12.12 1 0
github.com/open-cluster-management/metrics-collector/pkg/metricfamily/drop_unsorted.go:15.27,17.4 1 0
github.com/open-cluster-management/metrics-collector/pkg/metricfamily/drop_unsorted.go:18.23,20.12 2 0
github.com/open-cluster-management/metrics-collector/pkg/metricfamily/none.go:5.52,5.72 1 0
github.com/open-cluster-management/metrics-collector/pkg/metricfamily/overwrite.go:23.13,25.2 1 1
github.com/open-cluster-management/metrics-collector/pkg/metricfamily/overwrite.go:28.64,29.57 1 0
github.com/open-cluster-management/metrics-collector/pkg/metricfamily/overwrite.go:29.57,31.35 2 0
github.com/open-cluster-management/metrics-collector/pkg/metricfamily/overwrite.go:36.3,36.19 1 0
github.com/open-cluster-management/metrics-collector/pkg/metricfamily/overwrite.go:31.35,35.4 2 0
github.com/open-cluster-management/metrics-collector/pkg/metricfamily/overwrite.go:40.51,43.46 2 0
github.com/open-cluster-management/metrics-collector/pkg/metricfamily/overwrite.go:43.46,45.3 1 0
github.com/open-cluster-management/metrics-collector/pkg/metricfamily/overwrite.go:45.8,45.51 1 0
github.com/open-cluster-management/metrics-collector/pkg/metricfamily/overwrite.go:45.51,47.3 1 0
github.com/open-cluster-management/metrics-collector/pkg/metricfamily/overwrite.go:47.8,49.3 1 0
github.com/open-cluster-management/metrics-collector/pkg/metricfamily/pack.go:5.66,10.25 4 4
github.com/open-cluster-management/metrics-collector/pkg/metricfamily/pack.go:31.2,31.36 1 4
github.com/open-cluster-management/metrics-collector/pkg/metricfamily/pack.go:10.25,11.24 1 5
github.com/open-cluster-management/metrics-collector/pkg/metricfamily/pack.go:15.3,15.16 1 4
github.com/open-cluster-management/metrics-collector/pkg/metricfamily/pack.go:18.3,18.29 1 4
github.com/open-cluster-management/metrics-collector/pkg/metricfamily/pack.go:28.3,29.8 2 3
github.com/open-cluster-management/metrics-collector/pkg/metricfamily/pack.go:11.24,12.12 1 1
github.com/open-cluster-management/metrics-collector/pkg/metricfamily/pack.go:15.16,17.4 1 3
github.com/open-cluster-management/metrics-collector/pkg/metricfamily/pack.go:18.29,19.25 1 2
github.com/open-cluster-management/metrics-collector/pkg/metricfamily/pack.go:23.4,25.18 3 1
github.com/open-cluster-management/metrics-collector/pkg/metricfamily/pack.go:19.25,20.13 1 1
github.com/open-cluster-management/metrics-collector/pkg/metricfamily/pack.go:37.77,41.25 3 14
github.com/open-cluster-management/metrics-collector/pkg/metricfamily/pack.go:61.2,61.17 1 3
github.com/open-cluster-management/metrics-collector/pkg/metricfamily/pack.go:41.25,42.56 1 28
github.com/open-cluster-management/metrics-collector/pkg/metricfamily/pack.go:46.3,46.16 1 16
github.com/open-cluster-management/metrics-collector/pkg/metricfamily/pack.go:49.3,49.29 1 16
github.com/open-cluster-management/metrics-collector/pkg/metricfamily/pack.go:59.3,59.22 1 11
github.com/open-cluster-management/metrics-collector/pkg/metricfamily/pack.go:42.56,43.12 1 12
github.com/open-cluster-management/metrics-collector/pkg/metricfamily/pack.go:46.16,48.4 1 11
github.com/open-cluster-management/metrics-collector/pkg/metricfamily/pack.go:49.29,50.58 1 9
github.com/open-cluster-management/metrics-collector/pkg/metricfamily/pack.go:54.4,56.18 3 5
github.com/open-cluster-management/metrics-collector/pkg/metricfamily/pack.go:50.58,51.13 1 4
github.com/open-cluster-management/metrics-collector/pkg/metricfamily/required.go:13.62,15.2 1 0
github.com/open-cluster-management/metrics-collector/pkg/metricfamily/required.go:21.81,22.29 1 0
github.com/open-cluster-management/metrics-collector/pkg/metricfamily/required.go:42.2,42.18 1 0
github.com/open-cluster-management/metrics-collector/pkg/metricfamily/required.go:22.29,24.35 1 0
github.com/open-cluster-management/metrics-collector/pkg/metricfamily/required.go:24.35,25.16 1 0
github.com/open-cluster-management/metrics-collector/pkg/metricfamily/required.go:28.4,28.34 1 0
github.com/open-cluster-management/metrics-collector/pkg/metricfamily/required.go:39.4,39.41 1 0
github.com/open-cluster-management/metrics-collector/pkg/metricfamily/required.go:25.16,26.13 1 0
github.com/open-cluster-management/metrics-collector/pkg/metricfamily/required.go:28.34,29.21 1 0
github.com/open-cluster-management/metrics-collector/pkg/metricfamily/required.go:32.5,32.29 1 0
github.com/open-cluster-management/metrics-collector/pkg/metricfamily/required.go:29.21,30.14 1 0
github.com/open-cluster-management/metrics-collector/pkg/metricfamily/required.go:32.29,33.31 1 0
github.com/open-cluster-management/metrics-collector/pkg/metricfamily/required.go:36.6,36.22 1 0
github.com/open-cluster-management/metrics-collector/pkg/metricfamily/required.go:33.31,35.7 1 0
github.com/open-cluster-management/metrics-collector/pkg/metricfamily/empty.go:5.72,6.34 1 0
github.com/open-cluster-management/metrics-collector/pkg/metricfamily/empty.go:11.2,11.19 1 0
github.com/open-cluster-management/metrics-collector/pkg/metricfamily/empty.go:6.34,7.15 1 0
github.com/open-cluster-management/metrics-collector/pkg/metricfamily/empty.go:7.15,9.4 1 0
github.com/open-cluster-management/metrics-collector/pkg/metricfamily/expired.go:13.55,17.2 1 0
github.com/open-cluster-management/metrics-collector/pkg/metricfamily/expired.go:19.88,20.34 1 0
github.com/open-cluster-management/metrics-collector/pkg/metricfamily/expired.go:29.2,29.18 1 0
github.com/open-cluster-management/metrics-collector/pkg/metricfamily/expired.go:20.34,21.15 1 0
github.com/open-cluster-management/metrics-collector/pkg/metricfamily/expired.go:24.3,24.43 1 0
github.com/open-cluster-management/metrics-collector/pkg/metricfamily/expired.go:21.15,22.12 1 0
github.com/open-cluster-management/metrics-collector/pkg/metricfamily/expired.go:24.43,26.12 2 0
github.com/open-cluster-management/metrics-collector/pkg/metricfamily/label.go:19.79,21.27 2 0
github.com/open-cluster-management/metrics-collector/pkg/metricfamily/label.go:25.2,28.3 1 0
github.com/open-cluster-management/metrics-collector/pkg/metricfamily/label.go:21.27,24.3 2 0
github.com/open-cluster-management/metrics-collector/pkg/metricfamily/label.go:31.75,35.50 3 0
github.com/open-cluster-management/metrics-collector/pkg/metricfamily/label.go:46.2,46.34 1 0
github.com/open-cluster-management/metrics-collector/pkg/metricfamily/label.go:49.2,49.18 1 0
github.com/open-cluster-management/metrics-collector/pkg/metricfamily/label.go:35.50,37.17 2 0
github.com/open-cluster-management/metrics-collector/pkg/metricfamily/label.go:40.3,41.27 2 0
github.com/open-cluster-management/metrics-collector/pkg/metricfamily/label.go:37.17,39.4 1 0
github.com/open-cluster-management/metrics-collector/pkg/metricfamily/label.go:41.27,44.4 2 0
github.com/open-cluster-management/metrics-collector/pkg/metricfamily/label.go:46.34,48.3 1 0
github.com/open-cluster-management/metrics-collector/pkg/metricfamily/label.go:52.124,54.32 2 0
github.com/open-cluster-management/metrics-collector/pkg/metricfamily/label.go:61.2,61.30 1 0
github.com/open-cluster-management/metrics-collector/pkg/metricfamily/label.go:66.2,66.17 1 0
github.com/open-cluster-management/metrics-collector/pkg/metricfamily/label.go:54.32,56.39 2 0
github.com/open-cluster-management/metrics-collector/pkg/metricfamily/label.go:56.39,59.4 2 0
github.com/open-cluster-management/metrics-collector/pkg/metricfamily/label.go:61.30,62.26 1 0
github.com/open-cluster-management/metrics-collector/pkg/metricfamily/label.go:62.26,64.4 1 0
github.com/open-cluster-management/metrics-collector/pkg/metricfamily/label.go:69.47,70.27 1 0
github.com/open-cluster-management/metrics-collector/pkg/metricfamily/label.go:75.2,75.14 1 0
github.com/open-cluster-management/metrics-collector/pkg/metricfamily/label.go:70.27,71.13 1 0
github.com/open-cluster-management/metrics-collector/pkg/metricfamily/label.go:71.13,73.4 1 0
github.com/open-cluster-management/metrics-collector/pkg/metricfamily/multi_transformer.go:12.48,13.14 1 0
github.com/open-cluster-management/metrics-collector/pkg/metricfamily/multi_transformer.go:13.14,15.3 1 0
github.com/open-cluster-management/metrics-collector/pkg/metricfamily/multi_transformer.go:18.59,20.2 1 0
github.com/open-cluster-management/metrics-collector/pkg/metricfamily/multi_transformer.go:22.85,25.35 2 0
github.com/open-cluster-management/metrics-collector/pkg/metricfamily/multi_transformer.go:29.2,31.23 2 0
github.com/open-cluster-management/metrics-collector/pkg/metricfamily/multi_transformer.go:41.2,41.18 1 0
github.com/open-cluster-management/metrics-collector/pkg/metricfamily/multi_transformer.go:25.35,27.3 1 0
github.com/open-cluster-management/metrics-collector/pkg/metricfamily/multi_transformer.go:31.23,33.17 2 0
github.com/open-cluster-management/metrics-collector/pkg/metricfamily/multi_transformer.go:36.3,36.10 1 0
github.com/open-cluster-management/metrics-collector/pkg/metricfamily/multi_transformer.go:33.17,35.4 1 0
github.com/open-cluster-management/metrics-collector/pkg/metricfamily/multi_transformer.go:36.10,38.4 1 0
github.com/open-cluster-management/metrics-collector/pkg/metricfamily/rename.go:9.82,10.41 1 0
github.com/open-cluster-management/metrics-collector/pkg/metricfamily/rename.go:13.2,13.46 1 0
github.com/open-cluster-management/metrics-collector/pkg/metricfamily/rename.go:16.2,16.18 1 0
github.com/open-cluster-management/metrics-collector/pkg/metricfamily/rename.go:10.41,12.3 1 0
github.com/open-cluster-management/metrics-collector/pkg/metricfamily/rename.go:13.46,15.3 1 0
github.com/open-cluster-management/metrics-collector/pkg/metricfamily/transform.go:13.91,15.2 1 0
github.com/open-cluster-management/metrics-collector/pkg/metricfamily/transform.go:19.61,21.34 2 0
github.com/open-cluster-management/metrics-collector/pkg/metricfamily/transform.go:27.2,27.14 1 0
github.com/open-cluster-management/metrics-collector/pkg/metricfamily/transform.go:21.34,22.20 1 0
github.com/open-cluster-management/metrics-collector/pkg/metricfamily/transform.go:25.3,25.30 1 0
github.com/open-cluster-management/metrics-collector/pkg/metricfamily/transform.go:22.20,23.12 1 0
github.com/open-cluster-management/metrics-collector/pkg/metricfamily/transform.go:30.77,31.34 1 0
github.com/open-cluster-management/metrics-collector/pkg/metricfamily/transform.go:40.2,40.12 1 0
github.com/open-cluster-management/metrics-collector/pkg/metricfamily/transform.go:31.34,33.17 2 0
github.com/open-cluster-management/metrics-collector/pkg/metricfamily/transform.go:36.3,36.10 1 0
github.com/open-cluster-management/metrics-collector/pkg/metricfamily/transform.go:33.17,35.4 1 0
github.com/open-cluster-management/metrics-collector/pkg/metricfamily/transform.go:36.10,38.4 1 0
github.com/open-cluster-management/metrics-collector/pkg/metricfamily/unsorted.go:20.60,24.2 1 0
github.com/open-cluster-management/metrics-collector/pkg/metricfamily/unsorted.go:26.85,28.34 2 0
github.com/open-cluster-management/metrics-collector/pkg/metricfamily/unsorted.go:43.2,43.18 1 0
github.com/open-cluster-management/metrics-collector/pkg/metricfamily/unsorted.go:28.34,29.15 1 0
github.com/open-cluster-management/metrics-collector/pkg/metricfamily/unsorted.go:32.3,33.27 2 0
github.com/open-cluster-management/metrics-collector/pkg/metricfamily/unsorted.go:38.3,38.23 1 0
github.com/open-cluster-management/metrics-collector/pkg/metricfamily/unsorted.go:41.3,41.19 1 0
github.com/open-cluster-management/metrics-collector/pkg/metricfamily/unsorted.go:29.15,30.12 1 0
github.com/open-cluster-management/metrics-collector/pkg/metricfamily/unsorted.go:33.27,35.4 1 0
github.com/open-cluster-management/metrics-collector/pkg/metricfamily/unsorted.go:35.9,35.23 1 0
github.com/open-cluster-management/metrics-collector/pkg/metricfamily/unsorted.go:35.23,37.4 1 0
github.com/open-cluster-management/metrics-collector/pkg/metricfamily/unsorted.go:38.23,40.4 1 0
github.com/open-cluster-management/metrics-collector/pkg/metricfamily/drop_timestamp.go:6.68,7.19 1 4
github.com/open-cluster-management/metrics-collector/pkg/metricfamily/drop_timestamp.go:11.2,11.34 1 3
github.com/open-cluster-management/metrics-collector/pkg/metricfamily/drop_timestamp.go:18.2,18.18 1 3
github.com/open-cluster-management/metrics-collector/pkg/metricfamily/drop_timestamp.go:7.19,9.3 1 1
github.com/open-cluster-management/metrics-collector/pkg/metricfamily/drop_timestamp.go:11.34,12.15 1 3
github.com/open-cluster-management/metrics-collector/pkg/metricfamily/drop_timestamp.go:15.3,15.22 1 3
github.com/open-cluster-management/metrics-collector/pkg/metricfamily/drop_timestamp.go:12.15,13.12 1 0
github.com/open-cluster-management/metrics-collector/pkg/metricfamily/elide.go:12.40,14.24 2 7
github.com/open-cluster-management/metrics-collector/pkg/metricfamily/elide.go:18.2,18.25 1 7
github.com/open-cluster-management/metrics-collector/pkg/metricfamily/elide.go:14.24,16.3 1 7
github.com/open-cluster-management/metrics-collector/pkg/metricfamily/elide.go:23.68,24.46 1 7
github.com/open-cluster-management/metrics-collector/pkg/metricfamily/elide.go:28.2,28.31 1 5
github.com/open-cluster-management/metrics-collector/pkg/metricfamily/elide.go:39.2,39.18 1 5
github.com/open-cluster-management/metrics-collector/pkg/metricfamily/elide.go:24.46,26.3 1 2
github.com/open-cluster-management/metrics-collector/pkg/metricfamily/elide.go:28.31,30.41 2 5
github.com/open-cluster-management/metrics-collector/pkg/metricfamily/elide.go:36.3,36.36 1 5
github.com/open-cluster-management/metrics-collector/pkg/metricfamily/elide.go:30.41,31.74 1 10
github.com/open-cluster-management/metrics-collector/pkg/metricfamily/elide.go:34.4,34.58 1 6
github.com/open-cluster-management/metrics-collector/pkg/metricfamily/elide.go:31.74,32.13 1 4
github.com/open-cluster-management/metrics-collector/pkg/metricfamily/invalid.go:14.64,18.2 1 0
github.com/open-cluster-management/metrics-collector/pkg/metricfamily/invalid.go:20.97,22.20 2 0
github.com/open-cluster-management/metrics-collector/pkg/metricfamily/invalid.go:25.2,25.21 1 0
github.com/open-cluster-management/metrics-collector/pkg/metricfamily/invalid.go:28.2,28.24 1 0
github.com/open-cluster-management/metrics-collector/pkg/metricfamily/invalid.go:31.2,31.30 1 0
github.com/open-cluster-management/metrics-collector/pkg/metricfamily/invalid.go:41.2,41.34 1 0
github.com/open-cluster-management/metrics-collector/pkg/metricfamily/invalid.go:82.2,82.18 1 0
github.com/open-cluster-management/metrics-collector/pkg/metricfamily/invalid.go:22.20,24.3 1 0
github.com/open-cluster-management/metrics-collector/pkg/metricfamily/invalid.go:25.21,27.3 1 0
github.com/open-cluster-management/metrics-collector/pkg/metricfamily/invalid.go:28.24,30.3 1 0
github.com/open-cluster-management/metrics-collector/pkg/metricfamily/invalid.go:32.38,32.38 0 0
github.com/open-cluster-management/metrics-collector/pkg/metricfamily/invalid.go:33.36,33.36 0 0
github.com/open-cluster-management/metrics-collector/pkg/metricfamily/invalid.go:34.40,34.40 0 0
github.com/open-cluster-management/metrics-collector/pkg/metricfamily/invalid.go:35.38,35.38 0 0
github.com/open-cluster-management/metrics-collector/pkg/metricfamily/invalid.go:36.38,36.38 0 0
github.com/open-cluster-management/metrics-collector/pkg/metricfamily/invalid.go:37.10,38.56 1 0
github.com/open-cluster-management/metrics-collector/pkg/metricfamily/invalid.go:41.34,42.15 1 0
github.com/open-cluster-management/metrics-collector/pkg/metricfamily/invalid.go:45.3,45.33 1 0
github.com/open-cluster-management/metrics-collector/pkg/metricfamily/invalid.go:53.3,53.27 1 0
github.com/open-cluster-management/metrics-collector/pkg/metricfamily/invalid.go:56.3,56.29 1 0
github.com/open-cluster-management/metrics-collector/pkg/metricfamily/invalid.go:59.3,59.31 1 0
github.com/open-cluster-management/metrics-collector/pkg/metricfamily/invalid.go:42.15,43.12 1 0
github.com/open-cluster-management/metrics-collector/pkg/metricfamily/invalid.go:45.33,46.76 1 0
github.com/open-cluster-management/metrics-collector/pkg/metricfamily/invalid.go:49.4,49.53 1 0
github.com/open-cluster-management/metrics-collector/pkg/metricfamily/invalid.go:46.76,48.5 1 0
github.com/open-cluster-management/metrics-collector/pkg/metricfamily/invalid.go:49.53,51.5 1 0
github.com/open-cluster-management/metrics-collector/pkg/metricfamily/invalid.go:53.27,55.4 1 0
github.com/open-cluster-management/metrics-collector/pkg/metricfamily/invalid.go:56.29,58.4 1 0
github.com/open-cluster-management/metrics-collector/pkg/metricfamily/invalid.go:60.39,61.104 1 0
github.com/open-cluster-management/metrics-collector/pkg/metricfamily/invalid.go:64.37,65.104 1 0
github.com/open-cluster-management/metrics-collector/pkg/metricfamily/invalid.go:68.41,69.104 1 0
github.com/open-cluster-management/metrics-collector/pkg/metricfamily/invalid.go:72.39,73.104 1 0
github.com/open-cluster-management/metrics-collector/pkg/metricfamily/invalid.go:76.39,77.104 1 0
github.com/open-cluster-management/metrics-collector/pkg/metricfamily/invalid.go:61.104,63.5 1 0
github.com/open-cluster-management/metrics-collector/pkg/metricfamily/invalid.go:65.104,67.5 1 0
github.com/open-cluster-management/metrics-collector/pkg/metricfamily/invalid.go:69.104,71.5 1 0
github.com/open-cluster-management/metrics-collector/pkg/metricfamily/invalid.go:73.104,75.5 1 0
github.com/open-cluster-management/metrics-collector/pkg/metricfamily/invalid.go:77.104,79.5 1 0
github.com/open-cluster-management/metrics-collector/pkg/metricfamily/invalid.go:89.63,93.2 1 0
github.com/open-cluster-management/metrics-collector/pkg/metricfamily/invalid.go:95.96,97.20 2 0
github.com/open-cluster-management/metrics-collector/pkg/metricfamily/invalid.go:100.2,100.21 1 0
github.com/open-cluster-management/metrics-collector/pkg/metricfamily/invalid.go:103.2,103.24 1 0
github.com/open-cluster-management/metrics-collector/pkg/metricfamily/invalid.go:106.2,106.30 1 0
github.com/open-cluster-management/metrics-collector/pkg/metricfamily/invalid.go:116.2,116.34 1 0
github.com/open-cluster-management/metrics-collector/pkg/metricfamily/invalid.go:161.2,161.18 1 0
github.com/open-cluster-management/metrics-collector/pkg/metricfamily/invalid.go:97.20,99.3 1 0
github.com/open-cluster-management/metrics-collector/pkg/metricfamily/invalid.go:100.21,102.3 1 0
github.com/open-cluster-management/metrics-collector/pkg/metricfamily/invalid.go:103.24,105.3 1 0
github.com/open-cluster-management/metrics-collector/pkg/metricfamily/invalid.go:107.38,107.38 0 0
github.com/open-cluster-management/metrics-collector/pkg/metricfamily/invalid.go:108.36,108.36 0 0
github.com/open-cluster-management/metrics-collector/pkg/metricfamily/invalid.go:109.40,109.40 0 0
github.com/open-cluster-management/metrics-collector/pkg/metricfamily/invalid.go:110.38,110.38 0 0
github.com/open-cluster-management/metrics-collector/pkg/metricfamily/invalid.go:111.38,111.38 0 0
github.com/open-cluster-management/metrics-collector/pkg/metricfamily/invalid.go:112.10,113.20 1 0
github.com/open-cluster-management/metrics-collector/pkg/metricfamily/invalid.go:116.34,117.15 1 0
github.com/open-cluster-management/metrics-collector/pkg/metricfamily/invalid.go:120.3,121.33 2 0
github.com/open-cluster-management/metrics-collector/pkg/metricfamily/invalid.go:131.3,131.17 1 0
github.com/open-cluster-management/metrics-collector/pkg/metricfamily/invalid.go:134.3,134.53 1 0
github.com/open-cluster-management/metrics-collector/pkg/metricfamily/invalid.go:138.3,138.31 1 0
github.com/open-cluster-management/metrics-collector/pkg/metricfamily/invalid.go:117.15,118.12 1 0
github.com/open-cluster-management/metrics-collector/pkg/metricfamily/invalid.go:121.33,122.76 1 0
github.com/open-cluster-management/metrics-collector/pkg/metricfamily/invalid.go:126.4,126.53 1 0
github.com/open-cluster-management/metrics-collector/pkg/metricfamily/invalid.go:122.76,125.5 2 0
github.com/open-cluster-management/metrics-collector/pkg/metricfamily/invalid.go:126.53,129.5 2 0
github.com/open-cluster-management/metrics-collector/pkg/metricfamily/invalid.go:131.17,133.4 1 0
github.com/open-cluster-management/metrics-collector/pkg/metricfamily/invalid.go:134.53,136.12 2 0
github.com/open-cluster-management/metrics-collector/pkg/metricfamily/invalid.go:139.39,140.104 1 0
github.com/open-cluster-management/metrics-collector/pkg/metricfamily/invalid.go:143.37,144.104 1 0
github.com/open-cluster-management/metrics-collector/pkg/metricfamily/invalid.go:147.41,148.104 1 0
github.com/open-cluster-management/metrics-collector/pkg/metricfamily/invalid.go:151.39,152.104 1 0
github.com/open-cluster-management/metrics-collector/pkg/metricfamily/invalid.go:155.39,156.104 1 0
github.com/open-cluster-management/metrics-collector/pkg/metricfamily/invalid.go:140.104,142.5 1 0
github.com/open-cluster-management/metrics-collector/pkg/metricfamily/invalid.go:144.104,146.5 1 0
github.com/open-cluster-management/metrics-collector/pkg/metricfamily/invalid.go:148.104,150.5 1 0
github.com/open-cluster-management/metrics-collector/pkg/metricfamily/invalid.go:152.104,154.5 1 0
github.com/open-cluster-management/metrics-collector/pkg/metricfamily/invalid.go:156.104,158.5 1 0
github.com/open-cluster-management/metrics-collector/pkg/metricfamily/invalid.go:166.75,170.25 3 0
github.com/open-cluster-management/metrics-collector/pkg/metricfamily/invalid.go:191.2,191.15 1 0
github.com/open-cluster-management/metrics-collector/pkg/metricfamily/invalid.go:170.25,171.23 1 0
github.com/open-cluster-management/metrics-collector/pkg/metricfamily/invalid.go:175.3,175.16 1 0
github.com/open-cluster-management/metrics-collector/pkg/metricfamily/invalid.go:178.3,178.29 1 0
github.com/open-cluster-management/metrics-collector/pkg/metricfamily/invalid.go:188.3,189.8 2 0
github.com/open-cluster-management/metrics-collector/pkg/metricfamily/invalid.go:171.23,172.12 1 0
github.com/open-cluster-management/metrics-collector/pkg/metricfamily/invalid.go:175.16,177.4 1 0
github.com/open-cluster-management/metrics-collector/pkg/metricfamily/invalid.go:178.29,179.24 1 0
github.com/open-cluster-management/metrics-collector/pkg/metricfamily/invalid.go:183.4,185.18 3 0
github.com/open-cluster-management/metrics-collector/pkg/metricfamily/invalid.go:179.24,180.13 1 0
github.com/open-cluster-management/metrics-collector/pkg/metricfamily/count.go:10.31,10.51 1 0
github.com/open-cluster-management/metrics-collector/pkg/metricfamily/count.go:12.75,16.2 3 0
github.com/open-cluster-management/metrics-collector/pkg/metricfamily/sort.go:9.66,12.2 2 0
github.com/open-cluster-management/metrics-collector/pkg/metricfamily/sort.go:16.39,18.2 1 0
github.com/open-cluster-management/metrics-collector/pkg/metricfamily/sort.go:20.53,22.14 2 0
github.com/open-cluster-management/metrics-collector/pkg/metricfamily/sort.go:25.2,25.14 1 0
github.com/open-cluster-management/metrics-collector/pkg/metricfamily/sort.go:28.2,28.26 1 0
github.com/open-cluster-management/metrics-collector/pkg/metricfamily/sort.go:31.2,31.26 1 0
github.com/open-cluster-management/metrics-collector/pkg/metricfamily/sort.go:34.2,34.40 1 0
github.com/open-cluster-management/metrics-collector/pkg/metricfamily/sort.go:22.14,24.3 1 0
github.com/open-cluster-management/metrics-collector/pkg/metricfamily/sort.go:25.14,27.3 1 0
github.com/open-cluster-management/metrics-collector/pkg/metricfamily/sort.go:28.26,30.3 1 0
github.com/open-cluster-management/metrics-collector/pkg/metricfamily/sort.go:31.26,33.3 1 0
github.com/open-cluster-management/metrics-collector/pkg/metricfamily/sort.go:37.48,39.2 1 0
github.com/open-cluster-management/metrics-collector/pkg/metricfamily/sort.go:44.98,46.33 2 8
github.com/open-cluster-management/metrics-collector/pkg/metricfamily/sort.go:102.2,102.23 1 8
github.com/open-cluster-management/metrics-collector/pkg/metricfamily/sort.go:46.33,47.17 1 13
github.com/open-cluster-management/metrics-collector/pkg/metricfamily/sort.go:51.3,51.37 1 6
github.com/open-cluster-management/metrics-collector/pkg/metricfamily/sort.go:56.3,61.24 4 5
github.com/open-cluster-management/metrics-collector/pkg/metricfamily/sort.go:66.3,66.24 1 4
github.com/open-cluster-management/metrics-collector/pkg/metricfamily/sort.go:73.3,76.7 3 3
github.com/open-cluster-management/metrics-collector/pkg/metricfamily/sort.go:99.3,100.22 2 3
github.com/open-cluster-management/metrics-collector/pkg/metricfamily/sort.go:47.17,49.12 2 7
github.com/open-cluster-management/metrics-collector/pkg/metricfamily/sort.go:51.37,53.12 2 1
github.com/open-cluster-management/metrics-collector/pkg/metricfamily/sort.go:61.24,64.12 3 1
github.com/open-cluster-management/metrics-collector/pkg/metricfamily/sort.go:66.24,69.12 3 1
github.com/open-cluster-management/metrics-collector/pkg/metricfamily/sort.go:76.7,77.11 1 13
github.com/open-cluster-management/metrics-collector/pkg/metricfamily/sort.go:78.19,79.25 1 2
github.com/open-cluster-management/metrics-collector/pkg/metricfamily/sort.go:82.5,82.16 1 2
github.com/open-cluster-management/metrics-collector/pkg/metricfamily/sort.go:83.19,84.25 1 1
github.com/open-cluster-management/metrics-collector/pkg/metricfamily/sort.go:87.5,87.16 1 1
github.com/open-cluster-management/metrics-collector/pkg/metricfamily/sort.go:88.12,90.15 2 10
github.com/open-cluster-management/metrics-collector/pkg/metricfamily/sort.go:79.25,81.6 1 3
github.com/open-cluster-management/metrics-collector/pkg/metricfamily/sort.go:84.25,86.6 1 1
github.com/open-cluster-management/metrics-collector/pkg/metricfamily/sort.go:90.15,93.6 2 4
github.com/open-cluster-management/metrics-collector/pkg/metricfamily/sort.go:93.11,96.6 2 6
github.com/open-cluster-management/metrics-collector/pkg/metricfamily/sort.go:110.60,112.2 1 0
github.com/open-cluster-management/metrics-collector/pkg/metricfamily/sort.go:114.74,116.11 2 0
github.com/open-cluster-management/metrics-collector/pkg/metricfamily/sort.go:119.2,119.11 1 0
github.com/open-cluster-management/metrics-collector/pkg/metricfamily/sort.go:122.2,123.16 2 0
github.com/open-cluster-management/metrics-collector/pkg/metricfamily/sort.go:116.11,118.3 1 0
github.com/open-cluster-management/metrics-collector/pkg/metricfamily/sort.go:119.11,121.3 1 0
github.com/open-cluster-management/metrics-collector/pkg/metricfamily/sort.go:126.69,128.2 1 0
github.com/open-cluster-management/metrics-collector/pkg/metricfamily/whitelist.go:16.56,18.23 2 9
github.com/open-cluster-management/metrics-collector/pkg/metricfamily/whitelist.go:25.2,25.27 1 9
github.com/open-cluster-management/metrics-collector/pkg/metricfamily/whitelist.go:18.23,20.17 2 12
github.com/open-cluster-management/metrics-collector/pkg/metricfamily/whitelist.go:23.3,23.28 1 12
github.com/open-cluster-management/metrics-collector/pkg/metricfamily/whitelist.go:20.17,22.4 1 0
github.com/open-cluster-management/metrics-collector/pkg/metricfamily/whitelist.go:29.78,32.34 2 9
github.com/open-cluster-management/metrics-collector/pkg/metricfamily/whitelist.go:44.2,44.16 1 9
github.com/open-cluster-management/metrics-collector/pkg/metricfamily/whitelist.go:32.34,33.15 1 30
github.com/open-cluster-management/metrics-collector/pkg/metricfamily/whitelist.go:36.3,36.30 1 30
github.com/open-cluster-management/metrics-collector/pkg/metricfamily/whitelist.go:42.3,42.25 1 16
github.com/open-cluster-management/metrics-collector/pkg/metricfamily/whitelist.go:33.15,34.12 1 0
github.com/open-cluster-management/metrics-collector/pkg/metricfamily/whitelist.go:36.30,37.47 1 40
github.com/open-cluster-management/metrics-collector/pkg/metricfamily/whitelist.go:37.47,39.20 2 14
github.com/open-cluster-management/metrics-collector/pkg/metricfamily/whitelist.go:48.87,50.29 1 40
github.com/open-cluster-management/metrics-collector/pkg/metricfamily/whitelist.go:62.2,62.13 1 14
github.com/open-cluster-management/metrics-collector/pkg/metricfamily/whitelist.go:50.29,51.46 1 47
github.com/open-cluster-management/metrics-collector/pkg/metricfamily/whitelist.go:54.3,54.38 1 38
github.com/open-cluster-management/metrics-collector/pkg/metricfamily/whitelist.go:60.3,60.15 1 26
github.com/open-cluster-management/metrics-collector/pkg/metricfamily/whitelist.go:51.46,52.12 1 9
github.com/open-cluster-management/metrics-collector/pkg/metricfamily/whitelist.go:54.38,55.81 1 69
github.com/open-cluster-management/metrics-collector/pkg/metricfamily/whitelist.go:58.4,58.20 1 12
github.com/open-cluster-management/metrics-collector/pkg/metricfamily/whitelist.go:55.81,56.13 1 57
github.com/open-cluster-management/metrics-collector/pkg/metricsclient/metricsclient.go:53.13,57.2 1 1
github.com/open-cluster-management/metrics-collector/pkg/metricsclient/metricsclient.go:71.117,79.2 1 0
github.com/open-cluster-management/metrics-collector/pkg/metricsclient/metricsclient.go:96.132,102.72 5 0
github.com/open-cluster-management/metrics-collector/pkg/metricsclient/metricsclient.go:176.2,176.16 1 0
github.com/open-cluster-management/metrics-collector/pkg/metricsclient/metricsclient.go:180.2,180.22 1 0
github.com/open-cluster-management/metrics-collector/pkg/metricsclient/metricsclient.go:102.72,103.26 1 0
github.com/open-cluster-management/metrics-collector/pkg/metricsclient/metricsclient.go:120.3,123.17 4 0
github.com/open-cluster-management/metrics-collector/pkg/metricsclient/metricsclient.go:127.3,128.38 2 0
github.com/open-cluster-management/metrics-collector/pkg/metricsclient/metricsclient.go:147.3,147.25 1 0
github.com/open-cluster-management/metrics-collector/pkg/metricsclient/metricsclient.go:174.3,174.13 1 0
github.com/open-cluster-management/metrics-collector/pkg/metricsclient/metricsclient.go:104.22,105.68 1 0
github.com/open-cluster-management/metrics-collector/pkg/metricsclient/metricsclient.go:106.32,108.88 2 0
github.com/open-cluster-management/metrics-collector/pkg/metricsclient/metricsclient.go:109.29,111.74 2 0
github.com/open-cluster-management/metrics-collector/pkg/metricsclient/metricsclient.go:112.30,114.58 2 0
github.com/open-cluster-management/metrics-collector/pkg/metricsclient/metricsclient.go:115.11,117.94 2 0
github.com/open-cluster-management/metrics-collector/pkg/metricsclient/metricsclient.go:123.17,126.4 2 0
github.com/open-cluster-management/metrics-collector/pkg/metricsclient/metricsclient.go:128.38,134.31 6 0
github.com/open-cluster-management/metrics-collector/pkg/metricsclient/metricsclient.go:141.4,144.6 1 0
github.com/open-cluster-management/metrics-collector/pkg/metricsclient/metricsclient.go:134.31,140.5 2 0
github.com/open-cluster-management/metrics-collector/pkg/metricsclient/metricsclient.go:147.25,155.31 3 0
github.com/open-cluster-management/metrics-collector/pkg/metricsclient/metricsclient.go:167.4,171.46 4 0
github.com/open-cluster-management/metrics-collector/pkg/metricsclient/metricsclient.go:155.31,156.22 1 0
github.com/open-cluster-management/metrics-collector/pkg/metricsclient/metricsclient.go:161.5,164.7 1 0
github.com/open-cluster-management/metrics-collector/pkg/metricsclient/metricsclient.go:156.22,159.14 1 0
github.com/open-cluster-management/metrics-collector/pkg/metricsclient/metricsclient.go:176.16,178.3 1 0
github.com/open-cluster-management/metrics-collector/pkg/metricsclient/metricsclient.go:183.104,184.23 1 0
github.com/open-cluster-management/metrics-collector/pkg/metricsclient/metricsclient.go:187.2,194.72 6 0
github.com/open-cluster-management/metrics-collector/pkg/metricsclient/metricsclient.go:229.2,229.16 1 0
github.com/open-cluster-management/metrics-collector/pkg/metricsclient/metricsclient.go:233.2,233.22 1 0
github.com/open-cluster-management/metrics-collector/pkg/metricsclient/metricsclient.go:184.23,186.3 1 0
github.com/open-cluster-management/metrics-collector/pkg/metricsclient/metricsclient.go:194.72,195.26 1 0
github.com/open-cluster-management/metrics-collector/pkg/metricsclient/metricsclient.go:213.3,216.7 4 0
github.com/open-cluster-management/metrics-collector/pkg/metricsclient/metricsclient.go:227.3,227.13 1 0
github.com/open-cluster-management/metrics-collector/pkg/metricsclient/metricsclient.go:196.22,197.68 1 0
github.com/open-cluster-management/metrics-collector/pkg/metricsclient/metricsclient.go:198.32,200.88 2 0
github.com/open-cluster-management/metrics-collector/pkg/metricsclient/metricsclient.go:201.29,203.74 2 0
github.com/open-cluster-management/metrics-collector/pkg/metricsclient/metricsclient.go:204.30,206.58 2 0
github.com/open-cluster-management/metrics-collector/pkg/metricsclient/metricsclient.go:207.11,209.94 2 0
github.com/open-cluster-management/metrics-collector/pkg/metricsclient/metricsclient.go:216.7,219.49 3 0
github.com/open-cluster-management/metrics-collector/pkg/metricsclient/metricsclient.go:219.49,220.22 1 0
github.com/open-cluster-management/metrics-collector/pkg/metricsclient/metricsclient.go:223.5,223.10 1 0
github.com/open-cluster-management/metrics-collector/pkg/metricsclient/metricsclient.go:220.22,222.6 1 0
github.com/open-cluster-management/metrics-collector/pkg/metricsclient/metricsclient.go:229.16,231.3 1 0
github.com/open-cluster-management/metrics-collector/pkg/metricsclient/metricsclient.go:236.107,238.45 2 0
github.com/open-cluster-management/metrics-collector/pkg/metricsclient/metricsclient.go:242.2,242.23 1 0
github.com/open-cluster-management/metrics-collector/pkg/metricsclient/metricsclient.go:245.2,253.72 8 0
github.com/open-cluster-management/metrics-collector/pkg/metricsclient/metricsclient.go:238.45,240.3 1 0
github.com/open-cluster-management/metrics-collector/pkg/metricsclient/metricsclient.go:242.23,244.3 1 0
github.com/open-cluster-management/metrics-collector/pkg/metricsclient/metricsclient.go:253.72,254.16 1 0
github.com/open-cluster-management/metrics-collector/pkg/metricsclient/metricsclient.go:262.3,263.26 2 0
github.com/open-cluster-management/metrics-collector/pkg/metricsclient/metricsclient.go:285.3,285.13 1 0
github.com/open-cluster-management/metrics-collector/pkg/metricsclient/metricsclient.go:254.16,255.64 1 0
github.com/open-cluster-management/metrics-collector/pkg/metricsclient/metricsclient.go:258.4,258.44 1 0
github.com/open-cluster-management/metrics-collector/pkg/metricsclient/metricsclient.go:255.64,257.5 1 0
github.com/open-cluster-management/metrics-collector/pkg/metricsclient/metricsclient.go:258.44,260.5 1 0
github.com/open-cluster-management/metrics-collector/pkg/metricsclient/metricsclient.go:264.22,265.64 1 0
github.com/open-cluster-management/metrics-collector/pkg/metricsclient/metricsclient.go:266.32,268.85 2 0
github.com/open-cluster-management/metrics-collector/pkg/metricsclient/metricsclient.go:269.29,271.71 2 0
github.com/open-cluster-management/metrics-collector/pkg/metricsclient/metricsclient.go:272.30,275.73 3 0
github.com/open-cluster-management/metrics-collector/pkg/metricsclient/metricsclient.go:276.11,279.24 3 0
github.com/open-cluster-management/metrics-collector/pkg/metricsclient/metricsclient.go:282.4,282.109 1 0
github.com/open-cluster-management/metrics-collector/pkg/metricsclient/metricsclient.go:279.24,281.5 1 0
github.com/open-cluster-management/metrics-collector/pkg/metricsclient/metricsclient.go:289.61,293.6 4 0
github.com/open-cluster-management/metrics-collector/pkg/metricsclient/metricsclient.go:303.2,303.22 1 0
github.com/open-cluster-management/metrics-collector/pkg/metricsclient/metricsclient.go:293.6,295.48 2 0
github.com/open-cluster-management/metrics-collector/pkg/metricsclient/metricsclient.go:301.3,301.38 1 0
github.com/open-cluster-management/metrics-collector/pkg/metricsclient/metricsclient.go:295.48,296.21 1 0
github.com/open-cluster-management/metrics-collector/pkg/metricsclient/metricsclient.go:299.4,299.19 1 0
github.com/open-cluster-management/metrics-collector/pkg/metricsclient/metricsclient.go:296.21,297.10 1 0
github.com/open-cluster-management/metrics-collector/pkg/metricsclient/metricsclient.go:306.69,310.34 3 0
github.com/open-cluster-management/metrics-collector/pkg/metricsclient/metricsclient.go:318.2,318.41 1 0
github.com/open-cluster-management/metrics-collector/pkg/metricsclient/metricsclient.go:321.2,321.12 1 0
github.com/open-cluster-management/metrics-collector/pkg/metricsclient/metricsclient.go:310.34,311.20 1 0
github.com/open-cluster-management/metrics-collector/pkg/metricsclient/metricsclient.go:314.3,314.48 1 0
github.com/open-cluster-management/metrics-collector/pkg/metricsclient/metricsclient.go:311.20,312.12 1 0
github.com/open-cluster-management/metrics-collector/pkg/metricsclient/metricsclient.go:314.48,316.4 1 0
github.com/open-cluster-management/metrics-collector/pkg/metricsclient/metricsclient.go:318.41,320.3 1 0
github.com/open-cluster-management/metrics-collector/pkg/metricsclient/metricsclient.go:324.115,326.21 2 0
github.com/open-cluster-management/metrics-collector/pkg/metricsclient/metricsclient.go:334.2,334.16 1 0
github.com/open-cluster-management/metrics-collector/pkg/metricsclient/metricsclient.go:338.2,339.12 2 0
github.com/open-cluster-management/metrics-collector/pkg/metricsclient/metricsclient.go:344.2,344.9 1 0
github.com/open-cluster-management/metrics-collector/pkg/metricsclient/metricsclient.go:366.2,366.12 1 0
github.com/open-cluster-management/metrics-collector/pkg/metricsclient/metricsclient.go:326.21,327.18 1 0
github.com/open-cluster-management/metrics-collector/pkg/metricsclient/metricsclient.go:332.3,332.13 1 0
github.com/open-cluster-management/metrics-collector/pkg/metricsclient/metricsclient.go:327.18,328.43 1 0
github.com/open-cluster-management/metrics-collector/pkg/metricsclient/metricsclient.go:328.43,330.5 1 0
github.com/open-cluster-management/metrics-collector/pkg/metricsclient/metricsclient.go:334.16,336.3 1 0
github.com/open-cluster-management/metrics-collector/pkg/metricsclient/metricsclient.go:339.12,342.3 2 0
github.com/open-cluster-management/metrics-collector/pkg/metricsclient/metricsclient.go:345.20,353.17 3 0
github.com/open-cluster-management/metrics-collector/pkg/metricsclient/metricsclient.go:359.3,359.17 1 0
github.com/open-cluster-management/metrics-collector/pkg/metricsclient/metricsclient.go:362.14,362.14 0 0
github.com/open-cluster-management/metrics-collector/pkg/metricsclient/metricsclient.go:353.17,355.4 1 0
github.com/open-cluster-management/metrics-collector/pkg/metricsclient/metricsclient.go:359.17,361.4 1 0
github.com/open-cluster-management/metrics-collector/pkg/metricsclient/metricsclient.go:369.64,374.14 5 0
github.com/open-cluster-management/metrics-collector/pkg/metricsclient/metricsclient.go:380.2,381.16 2 0
github.com/open-cluster-management/metrics-collector/pkg/metricsclient/metricsclient.go:385.2,386.16 2 0
github.com/open-cluster-management/metrics-collector/pkg/metricsclient/metricsclient.go:390.2,406.8 4 0
github.com/open-cluster-management/metrics-collector/pkg/metricsclient/metricsclient.go:374.14,378.3 3 0
github.com/open-cluster-management/metrics-collector/pkg/metricsclient/metricsclient.go:381.16,383.3 1 0
github.com/open-cluster-management/metrics-collector/pkg/metricsclient/metricsclient.go:386.16,388.3 1 0
github.com/open-cluster-management/metrics-collector/pkg/metricsclient/metricsclient.go:410.70,419.2 1 1
github.com/open-cluster-management/metrics-collector/pkg/metricsclient/metricsclient.go:421.93,425.31 3 3
github.com/open-cluster-management/metrics-collector/pkg/metricsclient/metricsclient.go:467.2,467.24 1 3
github.com/open-cluster-management/metrics-collector/pkg/metricsclient/metricsclient.go:425.31,426.30 1 6
github.com/open-cluster-management/metrics-collector/pkg/metricsclient/metricsclient.go:426.30,434.30 3 9
github.com/open-cluster-management/metrics-collector/pkg/metricsclient/metricsclient.go:441.4,445.34 2 9
github.com/open-cluster-management/metrics-collector/pkg/metricsclient/metricsclient.go:449.4,449.19 1 9
github.com/open-cluster-management/metrics-collector/pkg/metricsclient/metricsclient.go:460.4,463.39 3 9
github.com/open-cluster-management/metrics-collector/pkg/metricsclient/metricsclient.go:434.30,439.5 1 9
github.com/open-cluster-management/metrics-collector/pkg/metricsclient/metricsclient.go:445.34,447.5 1 0
github.com/open-cluster-management/metrics-collector/pkg/metricsclient/metricsclient.go:450.40,451.31 1 3
github.com/open-cluster-management/metrics-collector/pkg/metricsclient/metricsclient.go:452.38,453.29 1 3
github.com/open-cluster-management/metrics-collector/pkg/metricsclient/metricsclient.go:454.40,455.31 1 3
github.com/open-cluster-management/metrics-collector/pkg/metricsclient/metricsclient.go:456.12,457.76 1 0
github.com/open-cluster-management/metrics-collector/pkg/metricsclient/metricsclient.go:472.70,475.16 2 0
github.com/open-cluster-management/metrics-collector/pkg/metricsclient/metricsclient.go:481.2,481.26 1 0
github.com/open-cluster-management/metrics-collector/pkg/metricsclient/metricsclient.go:485.2,487.56 2 0
github.com/open-cluster-management/metrics-collector/pkg/metricsclient/metricsclient.go:523.2,525.12 3 0
github.com/open-cluster-management/metrics-collector/pkg/metricsclient/metricsclient.go:475.16,479.3 3 0
github.com/open-cluster-management/metrics-collector/pkg/metricsclient/metricsclient.go:481.26,484.3 2 0
github.com/open-cluster-management/metrics-collector/pkg/metricsclient/metricsclient.go:487.56,489.33 2 0
github.com/open-cluster-management/metrics-collector/pkg/metricsclient/metricsclient.go:492.3,496.17 4 0
github.com/open-cluster-management/metrics-collector/pkg/metricsclient/metricsclient.go:501.3,507.23 4 0
github.com/open-cluster-management/metrics-collector/pkg/metricsclient/metricsclient.go:510.3,511.29 2 0
github.com/open-cluster-management/metrics-collector/pkg/metricsclient/metricsclient.go:514.3,514.46 1 0
github.com/open-cluster-management/metrics-collector/pkg/metricsclient/metricsclient.go:518.3,519.17 2 0
github.com/open-cluster-management/metrics-collector/pkg/metricsclient/metricsclient.go:489.33,491.4 1 0
github.com/open-cluster-management/metrics-collector/pkg/metricsclient/metricsclient.go:496.17,500.4 3 0
github.com/open-cluster-management/metrics-collector/pkg/metricsclient/metricsclient.go:507.23,509.4 1 0
github.com/open-cluster-management/metrics-collector/pkg/metricsclient/metricsclient.go:511.29,513.4 1 0
github.com/open-cluster-management/metrics-collector/pkg/metricsclient/metricsclient.go:514.46,517.4 2 0
github.com/open-cluster-management/metrics-collector/pkg/metricsclient/metricsclient.go:519.17,521.4 1 0
github.com/open-cluster-management/metrics-collector/pkg/metricsclient/metricsclient.go:528.67,530.16 2 0
github.com/open-cluster-management/metrics-collector/pkg/metricsclient/metricsclient.go:538.2,544.16 5 0
github.com/open-cluster-management/metrics-collector/pkg/metricsclient/metricsclient.go:550.2,550.30 1 0
github.com/open-cluster-management/metrics-collector/pkg/metricsclient/metricsclient.go:563.2,563.12 1 0
github.com/open-cluster-management/metrics-collector/pkg/metricsclient/metricsclient.go:530.16,534.3 3 0
github.com/open-cluster-management/metrics-collector/pkg/metricsclient/metricsclient.go:544.16,548.3 3 0
github.com/open-cluster-management/metrics-collector/pkg/metricsclient/metricsclient.go:550.30,553.17 2 0
github.com/open-cluster-management/metrics-collector/pkg/metricsclient/metricsclient.go:556.3,559.45 4 0
github.com/open-cluster-management/metrics-collector/pkg/metricsclient/metricsclient.go:553.17,555.4 1 0
github.com/open-cluster-management/metrics-collector/pkg/metricsclient/metricsclient.go:559.45,561.4 1 0
github.com/open-cluster-management/metrics-collector/pkg/status/status.go:34.52,38.14 4 1
github.com/open-cluster-management/metrics-collector/pkg/status/status.go:57.2,60.8 1 1
github.com/open-cluster-management/metrics-collector/pkg/status/status.go:38.14,40.3 1 1
github.com/open-cluster-management/metrics-collector/pkg/status/status.go:40.8,40.27 1 0
github.com/open-cluster-management/metrics-collector/pkg/status/status.go:40.27,42.3 1 0
github.com/open-cluster-management/metrics-collector/pkg/status/status.go:42.8,44.17 2 0
github.com/open-cluster-management/metrics-collector/pkg/status/status.go:47.3,48.45 2 0
github.com/open-cluster-management/metrics-collector/pkg/status/status.go:51.3,52.17 2 0
github.com/open-cluster-management/metrics-collector/pkg/status/status.go:44.17,46.4 1 0
github.com/open-cluster-management/metrics-collector/pkg/status/status.go:48.45,50.4 1 0
github.com/open-cluster-management/metrics-collector/pkg/status/status.go:52.17,54.4 1 0
github.com/open-cluster-management/metrics-collector/pkg/status/status.go:63.73,64.27 1 3
github.com/open-cluster-management/metrics-collector/pkg/status/status.go:67.2,72.16 3 3
github.com/open-cluster-management/metrics-collector/pkg/status/status.go:76.2,80.44 5 3
github.com/open-cluster-management/metrics-collector/pkg/status/status.go:109.2,109.12 1 3
github.com/open-cluster-management/metrics-collector/pkg/status/status.go:112.2,112.12 1 3
github.com/open-cluster-management/metrics-collector/pkg/status/status.go:122.2,122.12 1 3
github.com/open-cluster-management/metrics-collector/pkg/status/status.go:131.2,131.12 1 0
github.com/open-cluster-management/metrics-collector/pkg/status/status.go:64.27,66.3 1 0
github.com/open-cluster-management/metrics-collector/pkg/status/status.go:72.16,75.3 2 0
github.com/open-cluster-management/metrics-collector/pkg/status/status.go:80.44,81.39 1 5
github.com/open-cluster-management/metrics-collector/pkg/status/status.go:107.3,107.37 1 3
github.com/open-cluster-management/metrics-collector/pkg/status/status.go:81.39,82.19 1 3
github.com/open-cluster-management/metrics-collector/pkg/status/status.go:82.19,84.5 1 2
github.com/open-cluster-management/metrics-collector/pkg/status/status.go:84.10,86.40 2 1
github.com/open-cluster-management/metrics-collector/pkg/status/status.go:86.40,92.14 6 1
github.com/open-cluster-management/metrics-collector/pkg/status/status.go:95.9,96.19 1 2
github.com/open-cluster-management/metrics-collector/pkg/status/status.go:96.19,104.13 8 1
github.com/open-cluster-management/metrics-collector/pkg/status/status.go:109.12,111.3 1 2
github.com/open-cluster-management/metrics-collector/pkg/status/status.go:112.12,121.3 2 1
github.com/open-cluster-management/metrics-collector/pkg/status/status.go:122.12,125.17 3 3
github.com/open-cluster-management/metrics-collector/pkg/status/status.go:128.3,128.13 1 3
github.com/open-cluster-management/metrics-collector/pkg/status/status.go:125.17,127.4 1 0
github.com/open-cluster-management/metrics-collector/pkg/forwarder/forwarder.go:56.13,60.2 1 1
github.com/open-cluster-management/metrics-collector/pkg/forwarder/forwarder.go:112.106,118.67 3 16
github.com/open-cluster-management/metrics-collector/pkg/forwarder/forwarder.go:125.2,125.62 1 15
github.com/open-cluster-management/metrics-collector/pkg/forwarder/forwarder.go:128.2,128.35 1 14
github.com/open-cluster-management/metrics-collector/pkg/forwarder/forwarder.go:133.2,133.28 1 14
github.com/open-cluster-management/metrics-collector/pkg/forwarder/forwarder.go:136.2,136.34 1 14
github.com/open-cluster-management/metrics-collector/pkg/forwarder/forwarder.go:140.2,141.29 2 14
github.com/open-cluster-management/metrics-collector/pkg/forwarder/forwarder.go:162.2,163.15 2 13
github.com/open-cluster-management/metrics-collector/pkg/forwarder/forwarder.go:166.2,166.59 1 13
github.com/open-cluster-management/metrics-collector/pkg/forwarder/forwarder.go:173.2,173.28 1 11
github.com/open-cluster-management/metrics-collector/pkg/forwarder/forwarder.go:176.2,181.16 3 11
github.com/open-cluster-management/metrics-collector/pkg/forwarder/forwarder.go:184.2,186.15 3 11
github.com/open-cluster-management/metrics-collector/pkg/forwarder/forwarder.go:189.2,190.35 2 11
github.com/open-cluster-management/metrics-collector/pkg/forwarder/forwarder.go:118.67,120.17 2 1
github.com/open-cluster-management/metrics-collector/pkg/forwarder/forwarder.go:123.3,123.50 1 0
github.com/open-cluster-management/metrics-collector/pkg/forwarder/forwarder.go:120.17,122.4 1 1
github.com/open-cluster-management/metrics-collector/pkg/forwarder/forwarder.go:125.62,127.3 1 1
github.com/open-cluster-management/metrics-collector/pkg/forwarder/forwarder.go:128.35,130.3 1 12
github.com/open-cluster-management/metrics-collector/pkg/forwarder/forwarder.go:133.28,135.3 1 0
github.com/open-cluster-management/metrics-collector/pkg/forwarder/forwarder.go:136.34,138.3 1 2
github.com/open-cluster-management/metrics-collector/pkg/forwarder/forwarder.go:141.29,142.43 1 1
github.com/open-cluster-management/metrics-collector/pkg/forwarder/forwarder.go:147.3,148.17 2 1
github.com/open-cluster-management/metrics-collector/pkg/forwarder/forwarder.go:151.3,152.17 2 1
github.com/open-cluster-management/metrics-collector/pkg/forwarder/forwarder.go:155.3,155.37 1 0
github.com/open-cluster-management/metrics-collector/pkg/forwarder/forwarder.go:158.3,158.47 1 0
github.com/open-cluster-management/metrics-collector/pkg/forwarder/forwarder.go:142.43,146.4 1 1
github.com/open-cluster-management/metrics-collector/pkg/forwarder/forwarder.go:148.17,150.4 1 0
github.com/open-cluster-management/metrics-collector/pkg/forwarder/forwarder.go:152.17,154.4 1 1
github.com/open-cluster-management/metrics-collector/pkg/forwarder/forwarder.go:155.37,157.4 1 0
github.com/open-cluster-management/metrics-collector/pkg/forwarder/forwarder.go:163.15,165.3 1 0
github.com/open-cluster-management/metrics-collector/pkg/forwarder/forwarder.go:166.59,168.17 2 2
github.com/open-cluster-management/metrics-collector/pkg/forwarder/forwarder.go:171.3,171.50 1 0
github.com/open-cluster-management/metrics-collector/pkg/forwarder/forwarder.go:168.17,170.4 1 2
github.com/open-cluster-management/metrics-collector/pkg/forwarder/forwarder.go:173.28,175.3 1 0
github.com/open-cluster-management/metrics-collector/pkg/forwarder/forwarder.go:181.16,183.3 1 0
github.com/open-cluster-management/metrics-collector/pkg/forwarder/forwarder.go:186.15,188.3 1 0
github.com/open-cluster-management/metrics-collector/pkg/forwarder/forwarder.go:195.39,196.21 1 18
github.com/open-cluster-management/metrics-collector/pkg/forwarder/forwarder.go:199.2,210.21 4 16
github.com/open-cluster-management/metrics-collector/pkg/forwarder/forwarder.go:214.2,215.16 2 16
github.com/open-cluster-management/metrics-collector/pkg/forwarder/forwarder.go:218.2,224.28 5 11
github.com/open-cluster-management/metrics-collector/pkg/forwarder/forwarder.go:231.2,231.30 1 11
github.com/open-cluster-management/metrics-collector/pkg/forwarder/forwarder.go:240.2,244.39 3 11
github.com/open-cluster-management/metrics-collector/pkg/forwarder/forwarder.go:253.2,256.16 3 11
github.com/open-cluster-management/metrics-collector/pkg/forwarder/forwarder.go:259.2,261.16 2 11
github.com/open-cluster-management/metrics-collector/pkg/forwarder/forwarder.go:196.21,198.3 1 2
github.com/open-cluster-management/metrics-collector/pkg/forwarder/forwarder.go:210.21,212.3 1 16
github.com/open-cluster-management/metrics-collector/pkg/forwarder/forwarder.go:215.16,217.3 1 5
github.com/open-cluster-management/metrics-collector/pkg/forwarder/forwarder.go:224.28,226.17 2 0
github.com/open-cluster-management/metrics-collector/pkg/forwarder/forwarder.go:229.3,229.62 1 0
github.com/open-cluster-management/metrics-collector/pkg/forwarder/forwarder.go:226.17,228.4 1 0
github.com/open-cluster-management/metrics-collector/pkg/forwarder/forwarder.go:231.30,233.18 2 0
github.com/open-cluster-management/metrics-collector/pkg/forwarder/forwarder.go:237.3,238.6 2 0
github.com/open-cluster-management/metrics-collector/pkg/forwarder/forwarder.go:233.18,235.12 2 0
github.com/open-cluster-management/metrics-collector/pkg/forwarder/forwarder.go:244.39,246.18 2 0
github.com/open-cluster-management/metrics-collector/pkg/forwarder/forwarder.go:250.3,251.6 2 0
github.com/open-cluster-management/metrics-collector/pkg/forwarder/forwarder.go:246.18,248.12 2 0
github.com/open-cluster-management/metrics-collector/pkg/forwarder/forwarder.go:256.16,258.3 1 0
github.com/open-cluster-management/metrics-collector/pkg/forwarder/forwarder.go:266.48,268.16 2 6
github.com/open-cluster-management/metrics-collector/pkg/forwarder/forwarder.go:272.2,286.12 11 4
github.com/open-cluster-management/metrics-collector/pkg/forwarder/forwarder.go:287.2,287.12 1 4
github.com/open-cluster-management/metrics-collector/pkg/forwarder/forwarder.go:268.16,270.3 1 2
github.com/open-cluster-management/metrics-collector/pkg/forwarder/forwarder.go:286.12,286.43 1 4
github.com/open-cluster-management/metrics-collector/pkg/forwarder/forwarder.go:290.60,294.2 3 0
github.com/open-cluster-management/metrics-collector/pkg/forwarder/forwarder.go:296.43,297.6 1 1
github.com/open-cluster-management/metrics-collector/pkg/forwarder/forwarder.go:297.6,304.40 4 3
github.com/open-cluster-management/metrics-collector/pkg/forwarder/forwarder.go:310.3,310.10 1 3
github.com/open-cluster-management/metrics-collector/pkg/forwarder/forwarder.go:304.40,308.4 3 1
github.com/open-cluster-management/metrics-collector/pkg/forwarder/forwarder.go:312.21,313.10 1 1
github.com/open-cluster-management/metrics-collector/pkg/forwarder/forwarder.go:314.27,314.27 0 0
github.com/open-cluster-management/metrics-collector/pkg/forwarder/forwarder.go:316.24,316.24 0 2
github.com/open-cluster-management/metrics-collector/pkg/forwarder/forwarder.go:321.53,327.37 5 3
github.com/open-cluster-management/metrics-collector/pkg/forwarder/forwarder.go:355.2,356.69 2 2
github.com/open-cluster-management/metrics-collector/pkg/forwarder/forwarder.go:364.2,372.24 6 2
github.com/open-cluster-management/metrics-collector/pkg/forwarder/forwarder.go:381.2,381.17 1 0
github.com/open-cluster-management/metrics-collector/pkg/forwarder/forwarder.go:390.2,392.16 3 0
github.com/open-cluster-management/metrics-collector/pkg/forwarder/forwarder.go:404.2,404.12 1 0
github.com/open-cluster-management/metrics-collector/pkg/forwarder/forwarder.go:327.37,329.17 2 0
github.com/open-cluster-management/metrics-collector/pkg/forwarder/forwarder.go:329.17,331.4 1 0
github.com/open-cluster-management/metrics-collector/pkg/forwarder/forwarder.go:332.8,332.44 1 3
github.com/open-cluster-management/metrics-collector/pkg/forwarder/forwarder.go:332.44,334.3 1 0
github.com/open-cluster-management/metrics-collector/pkg/forwarder/forwarder.go:334.8,336.17 2 3
github.com/open-cluster-management/metrics-collector/pkg/forwarder/forwarder.go:344.3,345.17 2 2
github.com/open-cluster-management/metrics-collector/pkg/forwarder/forwarder.go:336.17,338.24 2 1
github.com/open-cluster-management/metrics-collector/pkg/forwarder/forwarder.go:341.4,341.14 1 1
github.com/open-cluster-management/metrics-collector/pkg/forwarder/forwarder.go:338.24,340.5 1 1
github.com/open-cluster-management/metrics-collector/pkg/forwarder/forwarder.go:345.17,347.24 2 0
github.com/open-cluster-management/metrics-collector/pkg/forwarder/forwarder.go:347.24,349.5 1 0
github.com/open-cluster-management/metrics-collector/pkg/forwarder/forwarder.go:350.9,352.4 1 2
github.com/open-cluster-management/metrics-collector/pkg/forwarder/forwarder.go:356.69,358.23 2 0
github.com/open-cluster-management/metrics-collector/pkg/forwarder/forwarder.go:361.3,361.13 1 0
github.com/open-cluster-management/metrics-collector/pkg/forwarder/forwarder.go:358.23,360.4 1 0
github.com/open-cluster-management/metrics-collector/pkg/forwarder/forwarder.go:372.24,375.23 3 2
github.com/open-cluster-management/metrics-collector/pkg/forwarder/forwarder.go:378.3,378.13 1 2
github.com/open-cluster-management/metrics-collector/pkg/forwarder/forwarder.go:375.23,377.4 1 2
github.com/open-cluster-management/metrics-collector/pkg/forwarder/forwarder.go:381.17,384.23 3 0
github.com/open-cluster-management/metrics-collector/pkg/forwarder/forwarder.go:387.3,387.13 1 0
github.com/open-cluster-management/metrics-collector/pkg/forwarder/forwarder.go:384.23,386.4 1 0
github.com/open-cluster-management/metrics-collector/pkg/forwarder/forwarder.go:392.16,394.23 2 0
github.com/open-cluster-management/metrics-collector/pkg/forwarder/forwarder.go:394.23,396.4 1 0
github.com/open-cluster-management/metrics-collector/pkg/forwarder/forwarder.go:397.8,397.44 1 0
github.com/open-cluster-management/metrics-collector/pkg/forwarder/forwarder.go:397.44,399.23 2 0
github.com/open-cluster-management/metrics-collector/pkg/forwarder/forwarder.go:399.23,401.4 1 0
github.com/open-cluster-management/metrics-collector/pkg/forwarder/forwarder.go:407.95,415.31 6 3
github.com/open-cluster-management/metrics-collector/pkg/forwarder/forwarder.go:418.2,422.16 4 3
github.com/open-cluster-management/metrics-collector/pkg/forwarder/forwarder.go:427.2,427.22 1 2
github.com/open-cluster-management/metrics-collector/pkg/forwarder/forwarder.go:415.31,417.3 1 0
github.com/open-cluster-management/metrics-collector/pkg/forwarder/forwarder.go:422.16,425.3 2 1
github.com/open-cluster-management/metrics-collector/pkg/forwarder/forwarder.go:430.96,438.15 6 2
github.com/open-cluster-management/metrics-collector/pkg/forwarder/forwarder.go:442.2,442.40 1 2
github.com/open-cluster-management/metrics-collector/pkg/forwarder/forwarder.go:470.2,470.20 1 2
github.com/open-cluster-management/metrics-collector/pkg/forwarder/forwarder.go:438.15,440.3 1 2
github.com/open-cluster-management/metrics-collector/pkg/forwarder/forwarder.go:442.40,445.17 3 0
github.com/open-cluster-management/metrics-collector/pkg/forwarder/forwarder.go:450.3,461.17 9 0
github.com/open-cluster-management/metrics-collector/pkg/forwarder/forwarder.go:445.17,448.12 3 0
github.com/open-cluster-management/metrics-collector/pkg/forwarder/forwarder.go:461.17,464.12 3 0
github.com/open-cluster-management/metrics-collector/pkg/forwarder/forwarder.go:465.9,467.4 1 0
